<?xml version="1.0" encoding="UTF-8"?>
<robot generator="Robot 7.2.2 (Python 3.13.2 on win32)" generated="2025-02-26T23:17:41.540729" rpa="false" schemaversion="5">
<suite id="s1" name="LoginTestcases" source="C:\Users\artit\SeleniumAutomate\testcases\LoginTestcases.robot">
<kw name="Open Browser" owner="SeleniumLibrary" type="SETUP">
<msg time="2025-02-26T23:17:41.753788" level="INFO">Opening browser 'chrome' to base url 'https://1autoglasschan.com/'.</msg>
<arg>${baseUrlTest}</arg>
<arg>chrome</arg>
<doc>Opens a new browser instance to the optional ``url``.</doc>
<status status="PASS" start="2025-02-26T23:17:41.753565" elapsed="1.996080"/>
</kw>
<test id="s1-t1" name="As a user, I want to login success with valid credential" line="12">
<kw name="When user login to future skill platform with ${username} and ${valid_password}" owner="LoginPageKeywords" source_name="user login to future skill platform with ${username} and ${password}">
<kw name="Wait until element is ready then input text" owner="CommonKeywords">
<kw name="Wait Until Keyword Succeeds" owner="BuiltIn">
<kw name="Input Text" owner="SeleniumLibrary">
<msg time="2025-02-26T23:17:43.751566" level="INFO">Typing text 'admin_one' into text field 'name=username'.</msg>
<arg>${locator}</arg>
<arg>${text}</arg>
<doc>Types the given ``text`` into the text field identified by ``locator``.</doc>
<status status="PASS" start="2025-02-26T23:17:43.751302" elapsed="0.085753"/>
</kw>
<arg>5x</arg>
<arg>2s</arg>
<arg>Input Text</arg>
<arg>${locator}</arg>
<arg>${text}</arg>
<doc>Runs the specified keyword and retries if it fails.</doc>
<status status="PASS" start="2025-02-26T23:17:43.751114" elapsed="0.086094"/>
</kw>
<arg>name=username</arg>
<arg>${username}</arg>
<status status="PASS" start="2025-02-26T23:17:43.750872" elapsed="0.086469"/>
</kw>
<kw name="Wait until element is ready then input text" owner="CommonKeywords">
<kw name="Wait Until Keyword Succeeds" owner="BuiltIn">
<kw name="Input Text" owner="SeleniumLibrary">
<msg time="2025-02-26T23:17:43.838313" level="INFO">Typing text 'oneautoglass' into text field 'name=password'.</msg>
<arg>${locator}</arg>
<arg>${text}</arg>
<doc>Types the given ``text`` into the text field identified by ``locator``.</doc>
<status status="PASS" start="2025-02-26T23:17:43.838131" elapsed="0.055037"/>
</kw>
<arg>5x</arg>
<arg>2s</arg>
<arg>Input Text</arg>
<arg>${locator}</arg>
<arg>${text}</arg>
<doc>Runs the specified keyword and retries if it fails.</doc>
<status status="PASS" start="2025-02-26T23:17:43.837895" elapsed="0.055480"/>
</kw>
<arg>name=password</arg>
<arg>${password}</arg>
<status status="PASS" start="2025-02-26T23:17:43.837558" elapsed="0.055943"/>
</kw>
<kw name="Wait until element is ready then click element" owner="CommonKeywords">
<kw name="Wait Until Keyword Succeeds" owner="BuiltIn">
<kw name="Click Element" owner="SeleniumLibrary">
<msg time="2025-02-26T23:17:43.894455" level="INFO">Clicking element 'xpath=//button[@type="submit" and text()="Login"]'.</msg>
<arg>${locator}</arg>
<doc>Click the element identified by ``locator``.</doc>
<status status="PASS" start="2025-02-26T23:17:43.894256" elapsed="0.466509"/>
</kw>
<arg>5x</arg>
<arg>2s</arg>
<arg>Click Element</arg>
<arg>${locator}</arg>
<doc>Runs the specified keyword and retries if it fails.</doc>
<status status="PASS" start="2025-02-26T23:17:43.894062" elapsed="0.466846"/>
</kw>
<arg>xpath=//button[@type="submit" and text()="Login"]</arg>
<status status="PASS" start="2025-02-26T23:17:43.893755" elapsed="0.467294"/>
</kw>
<status status="PASS" start="2025-02-26T23:17:43.750556" elapsed="0.610606"/>
</kw>
<kw name="Then future skill should display home page and display message as &quot;ระบบขาย/สต๊อค&quot;" owner="HomePageKeywords" source_name="future skill should display home page and display message as &quot;${expected_message}&quot;">
<kw name="Wait until page contains element then verify text" owner="CommonKeywords">
<kw name="Wait Until Keyword Succeeds" owner="BuiltIn">
<kw name="Page Should Contain" owner="SeleniumLibrary">
<msg time="2025-02-26T23:17:44.649636" level="INFO" html="true">&lt;/td&gt;&lt;/tr&gt;&lt;tr&gt;&lt;td colspan="3"&gt;&lt;a href="selenium-screenshot-10.png"&gt;&lt;img src="selenium-screenshot-10.png" width="800px"&gt;&lt;/a&gt;</msg>
<msg time="2025-02-26T23:17:44.649947" level="FAIL">Page should have contained text 'ระบบขาย/สต๊อค' but did not.</msg>
<arg>${expected_text}</arg>
<doc>Verifies that current page contains ``text``.</doc>
<status status="FAIL" start="2025-02-26T23:17:44.362833" elapsed="0.288936">Page should have contained text 'ระบบขาย/สต๊อค' but did not.</status>
</kw>
<kw name="Page Should Contain" owner="SeleniumLibrary">
<msg time="2025-02-26T23:17:46.664576" level="INFO">Current page contains text 'ระบบขาย/สต๊อค'.</msg>
<arg>${expected_text}</arg>
<doc>Verifies that current page contains ``text``.</doc>
<status status="PASS" start="2025-02-26T23:17:46.652436" elapsed="0.012227"/>
</kw>
<arg>5x</arg>
<arg>2s</arg>
<arg>Page Should Contain</arg>
<arg>${expected_text}</arg>
<doc>Runs the specified keyword and retries if it fails.</doc>
<status status="PASS" start="2025-02-26T23:17:44.362452" elapsed="2.302279"/>
</kw>
<arg>${expected_message}</arg>
<status status="PASS" start="2025-02-26T23:17:44.362194" elapsed="2.302597"/>
</kw>
<status status="PASS" start="2025-02-26T23:17:44.361877" elapsed="2.302958"/>
</kw>
<status status="PASS" start="2025-02-26T23:17:43.749832" elapsed="2.915302"/>
</test>
<test id="s1-t2" name="As a user, I fail to login with invalid credential" line="17">
<kw name="When user login to future skill platform with ${username} and ${invalid_password}" owner="LoginPageKeywords" source_name="user login to future skill platform with ${username} and ${password}">
<kw name="Wait until element is ready then input text" owner="CommonKeywords">
<kw name="Wait Until Keyword Succeeds" owner="BuiltIn">
<kw name="Input Text" owner="SeleniumLibrary">
<msg time="2025-02-26T23:17:46.666904" level="INFO">Typing text 'admin_one' into text field 'name=username'.</msg>
<msg time="2025-02-26T23:17:46.751498" level="INFO" html="true">&lt;/td&gt;&lt;/tr&gt;&lt;tr&gt;&lt;td colspan="3"&gt;&lt;a href="selenium-screenshot-11.png"&gt;&lt;img src="selenium-screenshot-11.png" width="800px"&gt;&lt;/a&gt;</msg>
<msg time="2025-02-26T23:17:46.751676" level="FAIL">Element with locator 'name=username' not found.</msg>
<arg>${locator}</arg>
<arg>${text}</arg>
<doc>Types the given ``text`` into the text field identified by ``locator``.</doc>
<status status="FAIL" start="2025-02-26T23:17:46.666752" elapsed="0.086264">Element with locator 'name=username' not found.</status>
</kw>
<kw name="Input Text" owner="SeleniumLibrary">
<msg time="2025-02-26T23:17:48.754407" level="INFO">Typing text 'admin_one' into text field 'name=username'.</msg>
<msg time="2025-02-26T23:17:48.847670" level="INFO" html="true">&lt;/td&gt;&lt;/tr&gt;&lt;tr&gt;&lt;td colspan="3"&gt;&lt;a href="selenium-screenshot-12.png"&gt;&lt;img src="selenium-screenshot-12.png" width="800px"&gt;&lt;/a&gt;</msg>
<msg time="2025-02-26T23:17:48.847898" level="FAIL">Element with locator 'name=username' not found.</msg>
<arg>${locator}</arg>
<arg>${text}</arg>
<doc>Types the given ``text`` into the text field identified by ``locator``.</doc>
<status status="FAIL" start="2025-02-26T23:17:48.753802" elapsed="0.095165">Element with locator 'name=username' not found.</status>
</kw>
<kw name="Input Text" owner="SeleniumLibrary">
<msg time="2025-02-26T23:17:50.849905" level="INFO">Typing text 'admin_one' into text field 'name=username'.</msg>
<msg time="2025-02-26T23:17:50.961878" level="INFO" html="true">&lt;/td&gt;&lt;/tr&gt;&lt;tr&gt;&lt;td colspan="3"&gt;&lt;a href="selenium-screenshot-13.png"&gt;&lt;img src="selenium-screenshot-13.png" width="800px"&gt;&lt;/a&gt;</msg>
<msg time="2025-02-26T23:17:50.962135" level="FAIL">Element with locator 'name=username' not found.</msg>
<arg>${locator}</arg>
<arg>${text}</arg>
<doc>Types the given ``text`` into the text field identified by ``locator``.</doc>
<status status="FAIL" start="2025-02-26T23:17:50.849536" elapsed="0.113518">Element with locator 'name=username' not found.</status>
</kw>
<kw name="Input Text" owner="SeleniumLibrary">
<msg time="2025-02-26T23:17:52.963926" level="INFO">Typing text 'admin_one' into text field 'name=username'.</msg>
<msg time="2025-02-26T23:17:53.083252" level="INFO" html="true">&lt;/td&gt;&lt;/tr&gt;&lt;tr&gt;&lt;td colspan="3"&gt;&lt;a href="selenium-screenshot-14.png"&gt;&lt;img src="selenium-screenshot-14.png" width="800px"&gt;&lt;/a&gt;</msg>
<msg time="2025-02-26T23:17:53.083555" level="FAIL">Element with locator 'name=username' not found.</msg>
<arg>${locator}</arg>
<arg>${text}</arg>
<doc>Types the given ``text`` into the text field identified by ``locator``.</doc>
<status status="FAIL" start="2025-02-26T23:17:52.963536" elapsed="0.121033">Element with locator 'name=username' not found.</status>
</kw>
<kw name="Input Text" owner="SeleniumLibrary">
<msg time="2025-02-26T23:17:55.086412" level="INFO">Typing text 'admin_one' into text field 'name=username'.</msg>
<msg time="2025-02-26T23:17:55.181124" level="INFO" html="true">&lt;/td&gt;&lt;/tr&gt;&lt;tr&gt;&lt;td colspan="3"&gt;&lt;a href="selenium-screenshot-15.png"&gt;&lt;img src="selenium-screenshot-15.png" width="800px"&gt;&lt;/a&gt;</msg>
<msg time="2025-02-26T23:17:55.181349" level="FAIL">Element with locator 'name=username' not found.</msg>
<arg>${locator}</arg>
<arg>${text}</arg>
<doc>Types the given ``text`` into the text field identified by ``locator``.</doc>
<status status="FAIL" start="2025-02-26T23:17:55.085540" elapsed="0.096688">Element with locator 'name=username' not found.</status>
</kw>
<msg time="2025-02-26T23:17:55.182346" level="FAIL">Keyword 'Input Text' failed after retrying 5 times. The last error was: Element with locator 'name=username' not found.</msg>
<arg>5x</arg>
<arg>2s</arg>
<arg>Input Text</arg>
<arg>${locator}</arg>
<arg>${text}</arg>
<doc>Runs the specified keyword and retries if it fails.</doc>
<status status="FAIL" start="2025-02-26T23:17:46.666602" elapsed="8.516428">Keyword 'Input Text' failed after retrying 5 times. The last error was: Element with locator 'name=username' not found.</status>
</kw>
<arg>name=username</arg>
<arg>${username}</arg>
<status status="FAIL" start="2025-02-26T23:17:46.666394" elapsed="8.516759">Keyword 'Input Text' failed after retrying 5 times. The last error was: Element with locator 'name=username' not found.</status>
</kw>
<kw name="Wait until element is ready then input text" owner="CommonKeywords">
<arg>name=password</arg>
<arg>${password}</arg>
<status status="NOT RUN" start="2025-02-26T23:17:55.183307" elapsed="0.000030"/>
</kw>
<kw name="Wait until element is ready then click element" owner="CommonKeywords">
<arg>xpath=//button[@type="submit" and text()="Login"]</arg>
<status status="NOT RUN" start="2025-02-26T23:17:55.183421" elapsed="0.000018"/>
</kw>
<status status="FAIL" start="2025-02-26T23:17:46.666095" elapsed="8.517405">Keyword 'Input Text' failed after retrying 5 times. The last error was: Element with locator 'name=username' not found.</status>
</kw>
<kw name="Then future skill should display display validate login fail message as &quot;ส่วนของลูกค้า&quot;" owner="LoginPageKeywords" source_name="future skill should display display validate login fail message as &quot;${expected_message}&quot;">
<status status="NOT RUN" start="2025-02-26T23:17:55.183820" elapsed="0.000036"/>
</kw>
<status status="FAIL" start="2025-02-26T23:17:46.665682" elapsed="8.518334">Keyword 'Input Text' failed after retrying 5 times. The last error was: Element with locator 'name=username' not found.</status>
</test>
<kw name="Close Browser" owner="SeleniumLibrary" type="TEARDOWN">
<doc>Closes the current browser.</doc>
<status status="PASS" start="2025-02-26T23:17:55.184881" elapsed="2.335002"/>
</kw>
<status status="FAIL" start="2025-02-26T23:17:41.541923" elapsed="15.978136"/>
</suite>
<statistics>
<total>
<stat pass="1" fail="1" skip="0">All Tests</stat>
</total>
<tag>
</tag>
<suite>
<stat name="LoginTestcases" id="s1" pass="1" fail="1" skip="0">LoginTestcases</stat>
</suite>
</statistics>
<errors>
</errors>
</robot>
